2021-08-29 10:46:45,316 INFO [default] Start void TripleInt(int&)

2021-08-29 10:46:45,316 INFO [default] End void TripleInt(int&)

2021-08-29 10:46:45,316 INFO [default] Start void TripleInt(int&)

2021-08-29 10:46:45,316 INFO [default] End void TripleInt(int&)

2021-08-29 10:46:45,316 INFO [default] Start void TripleInt(int&)

2021-08-29 10:46:45,316 INFO [default] End void TripleInt(int&)

2021-08-29 10:46:45,316 INFO [default] Start void TripleInt(int&)

2021-08-29 10:46:45,316 INFO [default] End void TripleInt(int&)

2021-08-29 10:46:45,316 INFO [default] Start void SmallerInt(const int&, const int&, int&)

2021-08-29 10:46:45,316 INFO [default] End void SmallerInt(const int&, const int&, int&)

2021-08-29 10:46:45,316 INFO [default] Start void SmallerInt(const int&, const int&, int&)

2021-08-29 10:46:45,316 INFO [default] End void SmallerInt(const int&, const int&, int&)

2021-08-29 10:46:45,316 INFO [default] Start void SmallerInt(const int&, const int&, int&)

2021-08-29 10:46:45,316 INFO [default] End void SmallerInt(const int&, const int&, int&)

2021-08-29 10:46:45,316 INFO [default] Start void SmallerInt(const int&, const int&, int&)

2021-08-29 10:46:45,316 INFO [default] End void SmallerInt(const int&, const int&, int&)

2021-08-29 10:46:45,316 INFO [default] Start void LargerInt(int, int, int&)

2021-08-29 10:46:45,316 INFO [default] End void LargerInt(int, int, int&)

2021-08-29 10:46:45,316 INFO [default] Start void LargerInt(int, int, int&)

2021-08-29 10:46:45,316 INFO [default] End void LargerInt(int, int, int&)

2021-08-29 10:46:45,316 INFO [default] Start void LargerInt(int, int, int&)

2021-08-29 10:46:45,316 INFO [default] End void LargerInt(int, int, int&)

2021-08-29 10:46:45,316 INFO [default] Start void LargerInt(int, int, int&)

2021-08-29 10:46:45,316 INFO [default] End void LargerInt(int, int, int&)

2021-08-29 10:46:45,316 INFO [default] Start void SwapInt(int&, int&)

2021-08-29 10:46:45,316 INFO [default] End void SwapInt(int&, int&)

2021-08-29 10:46:45,316 INFO [default] Start void SwapInt(int&, int&)

2021-08-29 10:46:45,316 INFO [default] End void SwapInt(int&, int&)

2021-08-29 10:46:45,316 INFO [default] Start void SwapInt(int&, int&)

2021-08-29 10:46:45,316 INFO [default] End void SwapInt(int&, int&)

2021-08-29 10:46:45,317 INFO [default] Start void SwapInt(int&, int&)

2021-08-29 10:46:45,317 INFO [default] End void SwapInt(int&, int&)

