2021-09-01 14:01:57,668 INFO [default] Start int TripleInt1(int)

2021-09-01 14:01:57,668 INFO [default] End int TripleInt1(int)

2021-09-01 14:01:57,668 INFO [default] Start int TripleInt1(int)

2021-09-01 14:01:57,668 INFO [default] End int TripleInt1(int)

2021-09-01 14:01:57,668 INFO [default] Start int TripleInt1(int)

2021-09-01 14:01:57,668 INFO [default] End int TripleInt1(int)

2021-09-01 14:01:57,668 INFO [default] Start int TripleInt1(int)

2021-09-01 14:01:57,668 INFO [default] End int TripleInt1(int)

2021-09-01 14:01:57,668 INFO [default] Start int TripleInt1(int)

2021-09-01 14:01:57,668 INFO [default] End int TripleInt1(int)

2021-09-01 14:01:57,668 INFO [default] Start void TripleInt2(int*)

2021-09-01 14:01:57,668 INFO [default] End void TripleInt2(int*)

2021-09-01 14:01:57,668 INFO [default] Start void TripleInt2(int*)

2021-09-01 14:01:57,668 INFO [default] End void TripleInt2(int*)

2021-09-01 14:01:57,668 INFO [default] Start void TripleInt2(int*)

2021-09-01 14:01:57,668 INFO [default] End void TripleInt2(int*)

2021-09-01 14:01:57,668 INFO [default] Start void TripleInt2(int*)

2021-09-01 14:01:57,668 INFO [default] End void TripleInt2(int*)

2021-09-01 14:01:57,668 INFO [default] Start void TripleInt3(int&)

2021-09-01 14:01:57,668 INFO [default] End void TripleInt3(int&)

2021-09-01 14:01:57,668 INFO [default] Start void TripleInt3(int&)

2021-09-01 14:01:57,668 INFO [default] End void TripleInt3(int&)

2021-09-01 14:01:57,668 INFO [default] Start void TripleInt3(int&)

2021-09-01 14:01:57,668 INFO [default] End void TripleInt3(int&)

2021-09-01 14:01:57,668 INFO [default] Start void TripleInt3(int&)

2021-09-01 14:01:57,668 INFO [default] End void TripleInt3(int&)

2021-09-01 14:01:57,668 INFO [default] Start void SwapInt1(int*, int*)

2021-09-01 14:01:57,668 INFO [default] End void SwapInt1(int*, int*)

2021-09-01 14:01:57,668 INFO [default] Start void SwapInt1(int*, int*)

2021-09-01 14:01:57,668 INFO [default] End void SwapInt1(int*, int*)

2021-09-01 14:01:57,668 INFO [default] Start void SwapInt1(int*, int*)

2021-09-01 14:01:57,668 INFO [default] End void SwapInt1(int*, int*)

2021-09-01 14:01:57,668 INFO [default] Start void SwapInt1(int*, int*)

2021-09-01 14:01:57,668 INFO [default] End void SwapInt1(int*, int*)

2021-09-01 14:01:57,668 INFO [default] Start void SwapInt2(int&, int&)

2021-09-01 14:01:57,668 INFO [default] End void SwapInt2(int&, int&)

2021-09-01 14:01:57,668 INFO [default] Start void SwapInt2(int&, int&)

2021-09-01 14:01:57,668 INFO [default] End void SwapInt2(int&, int&)

2021-09-01 14:01:57,668 INFO [default] Start void SwapInt2(int&, int&)

2021-09-01 14:01:57,668 INFO [default] End void SwapInt2(int&, int&)

2021-09-01 14:01:57,668 INFO [default] Start void SwapInt2(int&, int&)

2021-09-01 14:01:57,668 INFO [default] End void SwapInt2(int&, int&)

2021-09-01 14:01:57,669 INFO [default] Start int Larger1(int, int)

2021-09-01 14:01:57,669 INFO [default] End int Larger1(int, int)

2021-09-01 14:01:57,669 INFO [default] Start int Larger1(int, int)

2021-09-01 14:01:57,669 INFO [default] End int Larger1(int, int)

2021-09-01 14:01:57,669 INFO [default] Start int Larger1(int, int)

2021-09-01 14:01:57,669 INFO [default] End int Larger1(int, int)

2021-09-01 14:01:57,669 INFO [default] Start int Larger1(int, int)

2021-09-01 14:01:57,669 INFO [default] End int Larger1(int, int)

2021-09-01 14:01:57,669 INFO [default] Start void Larger2(int, int, int&)

2021-09-01 14:01:57,669 INFO [default] End void Larger2(int, int, int&)

2021-09-01 14:01:57,669 INFO [default] Start void Larger2(int, int, int&)

2021-09-01 14:01:57,669 INFO [default] End void Larger2(int, int, int&)

2021-09-01 14:01:57,669 INFO [default] Start void Larger2(int, int, int&)

2021-09-01 14:01:57,669 INFO [default] End void Larger2(int, int, int&)

2021-09-01 14:01:57,669 INFO [default] Start void Larger2(int, int, int&)

2021-09-01 14:01:57,669 INFO [default] End void Larger2(int, int, int&)

2021-09-01 14:01:57,669 INFO [default] Start void Larger3(int, int, int*)

2021-09-01 14:01:57,669 INFO [default] End void Larger3(int, int, int*)

2021-09-01 14:01:57,669 INFO [default] Start void Larger3(int, int, int*)

2021-09-01 14:01:57,669 INFO [default] End void Larger3(int, int, int*)

2021-09-01 14:01:57,669 INFO [default] Start void Larger3(int, int, int*)

2021-09-01 14:01:57,669 INFO [default] End void Larger3(int, int, int*)

2021-09-01 14:01:57,669 INFO [default] Start void Larger3(int, int, int*)

2021-09-01 14:01:57,669 INFO [default] End void Larger3(int, int, int*)

